2024-04-24 17:02:13,675 - Log4JLogChute initialized using file 'velocity.log'
2024-04-24 17:02:13,675 - Initializing Velocity, Calling init()...
2024-04-24 17:02:13,675 - Starting Apache Velocity v1.7 (compiled: 2010-11-19 12:14:37)
2024-04-24 17:02:13,675 - Default Properties File: org\apache\velocity\runtime\defaults\velocity.properties
2024-04-24 17:02:13,675 - Trying to use logger class org.apache.velocity.runtime.log.AvalonLogChute
2024-04-24 17:02:13,675 - Target log system for org.apache.velocity.runtime.log.AvalonLogChute is not available (java.lang.NoClassDefFoundError: org/apache/log/format/Formatter).  Falling back to next log system...
2024-04-24 17:02:13,675 - Trying to use logger class org.apache.velocity.runtime.log.Log4JLogChute
2024-04-24 17:02:13,675 - Using logger class org.apache.velocity.runtime.log.Log4JLogChute
2024-04-24 17:02:13,678 - ResourceLoader instantiated: org.apache.velocity.runtime.resource.loader.ClasspathResourceLoader
2024-04-24 17:02:13,686 - ResourceCache: initialized (class org.apache.velocity.runtime.resource.ResourceCacheImpl) with class java.util.Collections$SynchronizedMap cache map.
2024-04-24 17:02:13,687 - Loaded System Directive: org.apache.velocity.runtime.directive.Stop
2024-04-24 17:02:13,688 - Loaded System Directive: org.apache.velocity.runtime.directive.Define
2024-04-24 17:02:13,688 - Loaded System Directive: org.apache.velocity.runtime.directive.Break
2024-04-24 17:02:13,689 - Loaded System Directive: org.apache.velocity.runtime.directive.Evaluate
2024-04-24 17:02:13,689 - Loaded System Directive: org.apache.velocity.runtime.directive.Literal
2024-04-24 17:02:13,689 - Loaded System Directive: org.apache.velocity.runtime.directive.Macro
2024-04-24 17:02:13,690 - Loaded System Directive: org.apache.velocity.runtime.directive.Parse
2024-04-24 17:02:13,691 - Loaded System Directive: org.apache.velocity.runtime.directive.Include
2024-04-24 17:02:13,691 - Loaded System Directive: org.apache.velocity.runtime.directive.Foreach
2024-04-24 17:02:13,707 - Created '20' parsers.
2024-04-24 17:02:13,709 - Velocimacro : "velocimacro.library" is not set.  Trying default library: VM_global_library.vm
2024-04-24 17:02:13,710 - Could not load resource 'VM_global_library.vm' from ResourceLoader org.apache.velocity.runtime.resource.loader.ClasspathResourceLoader: ClasspathResourceLoader Error: cannot find resource VM_global_library.vm
2024-04-24 17:02:13,710 - Velocimacro : Default library not found.
2024-04-24 17:02:13,710 - Velocimacro : allowInline = true : VMs can be defined inline in templates
2024-04-24 17:02:13,710 - Velocimacro : allowInlineToOverride = false : VMs defined inline may NOT replace previous VM definitions
2024-04-24 17:02:13,710 - Velocimacro : allowInlineLocal = false : VMs defined inline will be global in scope if allowed.
2024-04-24 17:02:13,710 - Velocimacro : autoload off : VM system will not automatically reload global library macros
2024-04-24 17:02:13,726 - ResourceManager : found /templates/entity.java.vm with loader org.apache.velocity.runtime.resource.loader.ClasspathResourceLoader
2024-04-24 17:02:13,732 - Left side (${versionFieldName}) of '==' operation has null value. If it is a reference, it may not be in the context or its toString() returned null. /templates/entity.java.vm[line 90, column 26]
2024-04-24 17:02:13,732 - Left side (${logicDeleteFieldName}) of '==' operation has null value. If it is a reference, it may not be in the context or its toString() returned null. /templates/entity.java.vm[line 94, column 30]
2024-04-24 17:02:13,732 - Left side (${versionFieldName}) of '==' operation has null value. If it is a reference, it may not be in the context or its toString() returned null. /templates/entity.java.vm[line 90, column 26]
2024-04-24 17:02:13,732 - Left side (${logicDeleteFieldName}) of '==' operation has null value. If it is a reference, it may not be in the context or its toString() returned null. /templates/entity.java.vm[line 94, column 30]
2024-04-24 17:02:13,732 - Left side (${versionFieldName}) of '==' operation has null value. If it is a reference, it may not be in the context or its toString() returned null. /templates/entity.java.vm[line 90, column 26]
2024-04-24 17:02:13,732 - Left side (${logicDeleteFieldName}) of '==' operation has null value. If it is a reference, it may not be in the context or its toString() returned null. /templates/entity.java.vm[line 94, column 30]
2024-04-24 17:02:13,734 - ResourceManager : found /templates/mapper.java.vm with loader org.apache.velocity.runtime.resource.loader.ClasspathResourceLoader
2024-04-24 17:02:13,736 - ResourceManager : found /templates/mapper.xml.vm with loader org.apache.velocity.runtime.resource.loader.ClasspathResourceLoader
2024-04-24 17:02:13,737 - ResourceManager : found /templates/service.java.vm with loader org.apache.velocity.runtime.resource.loader.ClasspathResourceLoader
2024-04-24 17:02:13,739 - ResourceManager : found /templates/serviceImpl.java.vm with loader org.apache.velocity.runtime.resource.loader.ClasspathResourceLoader
2024-04-24 17:02:13,741 - ResourceManager : found /templates/controller.java.vm with loader org.apache.velocity.runtime.resource.loader.ClasspathResourceLoader
2024-04-24 17:02:13,744 - ResourceManager : found /templates/entity.java.vm with loader org.apache.velocity.runtime.resource.loader.ClasspathResourceLoader
2024-04-24 17:02:13,745 - Left side (${versionFieldName}) of '==' operation has null value. If it is a reference, it may not be in the context or its toString() returned null. /templates/entity.java.vm[line 90, column 26]
2024-04-24 17:02:13,745 - Left side (${logicDeleteFieldName}) of '==' operation has null value. If it is a reference, it may not be in the context or its toString() returned null. /templates/entity.java.vm[line 94, column 30]
2024-04-24 17:02:13,745 - Left side (${versionFieldName}) of '==' operation has null value. If it is a reference, it may not be in the context or its toString() returned null. /templates/entity.java.vm[line 90, column 26]
2024-04-24 17:02:13,745 - Left side (${logicDeleteFieldName}) of '==' operation has null value. If it is a reference, it may not be in the context or its toString() returned null. /templates/entity.java.vm[line 94, column 30]
2024-04-24 17:02:13,745 - Left side (${versionFieldName}) of '==' operation has null value. If it is a reference, it may not be in the context or its toString() returned null. /templates/entity.java.vm[line 90, column 26]
2024-04-24 17:02:13,745 - Left side (${logicDeleteFieldName}) of '==' operation has null value. If it is a reference, it may not be in the context or its toString() returned null. /templates/entity.java.vm[line 94, column 30]
2024-04-24 17:02:13,746 - ResourceManager : found /templates/mapper.java.vm with loader org.apache.velocity.runtime.resource.loader.ClasspathResourceLoader
2024-04-24 17:02:13,748 - ResourceManager : found /templates/mapper.xml.vm with loader org.apache.velocity.runtime.resource.loader.ClasspathResourceLoader
2024-04-24 17:02:13,749 - ResourceManager : found /templates/service.java.vm with loader org.apache.velocity.runtime.resource.loader.ClasspathResourceLoader
2024-04-24 17:02:13,750 - ResourceManager : found /templates/serviceImpl.java.vm with loader org.apache.velocity.runtime.resource.loader.ClasspathResourceLoader
2024-04-24 17:02:13,752 - ResourceManager : found /templates/controller.java.vm with loader org.apache.velocity.runtime.resource.loader.ClasspathResourceLoader
